<?xml version="1.0" encoding="UTF-8"?>
<!-- Generated by org.testng.reporters.JUnitXMLReporter -->
<testsuite hostname="DESKTOP-S7F8E9F" ignored="1" name="Test" tests="2" failures="0" timestamp="2022-09-29T10:21:57 IST" time="0.057" errors="0">
  <testcase name="create" time="0.009" classname="NomineeModule.addnomineedetailsTest"/>
  <testcase name="update" time="0.001" classname="NomineeModule.addnomineedetailsTest"/>
  <testcase name="delete" time="0.0" classname="NomineeModule.addnomineedetailsTest">
    <ignored/>
  </testcase> <!-- delete -->
</testsuite> <!-- Test -->
