<?xml version="1.0" encoding="UTF-8"?>
<testng-results skipped="0" failed="0" ignored="0" total="1" passed="1">
  <reporter-output>
  </reporter-output>
  <suite name="Default suite" duration-ms="54" started-at="2022-09-29T12:40:01 IST" finished-at="2022-09-29T12:40:01 IST">
    <groups>
    </groups>
    <test name="Default test" duration-ms="54" started-at="2022-09-29T12:40:01 IST" finished-at="2022-09-29T12:40:01 IST">
      <class name="Parameter_cmd.ReadParameterFromcmdLineTest">
        <test-method status="PASS" signature="parameters()[pri:0, instance:Parameter_cmd.ReadParameterFromcmdLineTest@13c27452]" name="parameters" duration-ms="9" started-at="2022-09-29T12:40:01 IST" finished-at="2022-09-29T12:40:01 IST">
          <reporter-output>
          </reporter-output>
        </test-method> <!-- parameters -->
      </class> <!-- Parameter_cmd.ReadParameterFromcmdLineTest -->
    </test> <!-- Default test -->
  </suite> <!-- Default suite -->
</testng-results>
